  [1m[35m (1047.5ms)[0m  [1m[35mCREATE DATABASE "NinetynineCats_development" ENCODING = 'unicode'[0m
  ↳ bin/rails:9
  [1m[35m (369.4ms)[0m  [1m[35mCREATE DATABASE "NinetynineCats_test" ENCODING = 'unicode'[0m
  ↳ bin/rails:9
  [1m[35m (64.9ms)[0m  [1m[35mCREATE TABLE "schema_migrations" ("version" character varying NOT NULL PRIMARY KEY)[0m
  ↳ bin/rails:9
  [1m[35m (22.0ms)[0m  [1m[35mCREATE TABLE "ar_internal_metadata" ("key" character varying NOT NULL PRIMARY KEY, "value" character varying, "created_at" timestamp NOT NULL, "updated_at" timestamp NOT NULL)[0m
  ↳ bin/rails:9
  [1m[35m (4.0ms)[0m  [1m[34mSELECT pg_try_advisory_lock(5226406234336501410)[0m
  ↳ bin/rails:9
  [1m[35m (3.7ms)[0m  [1m[34mSELECT "schema_migrations"."version" FROM "schema_migrations" ORDER BY "schema_migrations"."version" ASC[0m
  ↳ bin/rails:9
Migrating to CreateCats (20201231215427)
  [1m[35m (0.2ms)[0m  [1m[35mBEGIN[0m
  ↳ bin/rails:9
  [1m[35m (24.9ms)[0m  [1m[35mCREATE TABLE "cats" ("id" bigserial primary key, "birth_date" date, "created_at" timestamp NOT NULL, "updated_at" timestamp NOT NULL)[0m
  ↳ db/migrate/20201231215427_create_cats.rb:3
  [1m[36mActiveRecord::SchemaMigration Create (13.6ms)[0m  [1m[32mINSERT INTO "schema_migrations" ("version") VALUES ($1) RETURNING "version"[0m  [["version", "20201231215427"]]
  ↳ bin/rails:9
  [1m[35m (3.1ms)[0m  [1m[35mCOMMIT[0m
  ↳ bin/rails:9
  [1m[36mActiveRecord::InternalMetadata Load (1.0ms)[0m  [1m[34mSELECT  "ar_internal_metadata".* FROM "ar_internal_metadata" WHERE "ar_internal_metadata"."key" = $1 LIMIT $2[0m  [["key", "environment"], ["LIMIT", 1]]
  ↳ bin/rails:9
  [1m[35m (2.8ms)[0m  [1m[35mBEGIN[0m
  ↳ bin/rails:9
  [1m[36mActiveRecord::InternalMetadata Create (5.1ms)[0m  [1m[32mINSERT INTO "ar_internal_metadata" ("key", "value", "created_at", "updated_at") VALUES ($1, $2, $3, $4) RETURNING "key"[0m  [["key", "environment"], ["value", "development"], ["created_at", "2020-12-31 22:10:06.094731"], ["updated_at", "2020-12-31 22:10:06.094731"]]
  ↳ bin/rails:9
  [1m[35m (2.4ms)[0m  [1m[35mCOMMIT[0m
  ↳ bin/rails:9
  [1m[35m (0.5ms)[0m  [1m[34mSELECT pg_advisory_unlock(5226406234336501410)[0m
  ↳ bin/rails:9
  [1m[35m (2.5ms)[0m  [1m[34mSELECT "schema_migrations"."version" FROM "schema_migrations" ORDER BY "schema_migrations"."version" ASC[0m
  ↳ bin/rails:9
Started GET "/" for ::1 at 2020-12-31 14:20:06 -0800
  [1m[35m (3.6ms)[0m  [1m[34mSELECT "schema_migrations"."version" FROM "schema_migrations" ORDER BY "schema_migrations"."version" ASC[0m
  ↳ /Users/kylemuch/.rbenv/versions/2.5.1/lib/ruby/gems/2.5.0/gems/activerecord-5.2.4.4/lib/active_record/log_subscriber.rb:98
Processing by Rails::WelcomeController#index as */*
  Parameters: {"{\"query\":\"\"}"=>nil}
  Rendering /Users/kylemuch/.rbenv/versions/2.5.1/lib/ruby/gems/2.5.0/gems/railties-5.2.4.4/lib/rails/templates/rails/welcome/index.html.erb
  Rendered /Users/kylemuch/.rbenv/versions/2.5.1/lib/ruby/gems/2.5.0/gems/railties-5.2.4.4/lib/rails/templates/rails/welcome/index.html.erb (6.1ms)
Completed 200 OK in 324ms (Views: 151.9ms | ActiveRecord: 0.0ms)


Started GET "/" for ::1 at 2020-12-31 14:21:02 -0800
Processing by Rails::WelcomeController#index as */*
  Parameters: {"{\"query\":\"\"}"=>nil}
  Rendering /Users/kylemuch/.rbenv/versions/2.5.1/lib/ruby/gems/2.5.0/gems/railties-5.2.4.4/lib/rails/templates/rails/welcome/index.html.erb
  Rendered /Users/kylemuch/.rbenv/versions/2.5.1/lib/ruby/gems/2.5.0/gems/railties-5.2.4.4/lib/rails/templates/rails/welcome/index.html.erb (4.4ms)
Completed 200 OK in 239ms (Views: 119.7ms | ActiveRecord: 0.0ms)


Started GET "/cats" for ::1 at 2020-12-31 14:22:26 -0800

ActionController::RoutingError - uninitialized constant CatsController:

Started GET "/cats" for ::1 at 2020-12-31 14:22:40 -0800

ActionController::RoutingError - uninitialized constant CatsController:

Started GET "/cats" for ::1 at 2020-12-31 14:24:54 -0800
Processing by CatsController#index as */*
  Parameters: {"{\"query\":\"\"}"=>nil}
No template found for CatsController#index, rendering head :no_content
Completed 204 No Content in 615ms (ActiveRecord: 0.0ms)


Started GET "/cats" for ::1 at 2020-12-31 14:25:07 -0800
Processing by CatsController#index as */*
  Parameters: {"{\"query\":\"\"}"=>nil}
Completed 500 Internal Server Error in 447ms (ActiveRecord: 0.0ms)



NoMethodError - undefined method `plain' for #<CatsController:0x00007fedbee1b730>:
  app/controllers/cats_controller.rb:4:in `index'

Started GET "/cats" for ::1 at 2020-12-31 14:25:19 -0800
Processing by CatsController#index as */*
  Parameters: {"{\"query\":\"\"}"=>nil}
  Rendering text template
  Rendered text template (0.0ms)
Completed 200 OK in 10ms (Views: 9.1ms | ActiveRecord: 0.0ms)


  [1m[35m (1776.8ms)[0m  [1m[35mCREATE DATABASE "NinetynineCats_development" ENCODING = 'unicode'[0m
  ↳ bin/rails:9
  [1m[35m (1665.9ms)[0m  [1m[35mCREATE DATABASE "NinetynineCats_test" ENCODING = 'unicode'[0m
  ↳ bin/rails:9
  [1m[35mSQL (0.3ms)[0m  [1m[35mCREATE EXTENSION IF NOT EXISTS "plpgsql"[0m
  ↳ db/schema.rb:16
  [1m[35m (0.3ms)[0m  [1m[35mDROP TABLE IF EXISTS "cats" CASCADE[0m
  ↳ db/schema.rb:18
  [1m[35m (168.4ms)[0m  [1m[35mCREATE TABLE "cats" ("id" bigserial primary key, "birth_date" date, "created_at" timestamp NOT NULL, "updated_at" timestamp NOT NULL)[0m
  ↳ db/schema.rb:18
  [1m[35m (522.1ms)[0m  [1m[35mCREATE TABLE "schema_migrations" ("version" character varying NOT NULL PRIMARY KEY)[0m
  ↳ db/schema.rb:13
  [1m[35m (0.9ms)[0m  [1m[34mSELECT "schema_migrations"."version" FROM "schema_migrations" ORDER BY "schema_migrations"."version" ASC[0m
  ↳ db/schema.rb:13
  [1m[35m (11.9ms)[0m  [1m[32mINSERT INTO "schema_migrations" (version) VALUES (20201231215427)[0m
  ↳ db/schema.rb:13
  [1m[35m (266.7ms)[0m  [1m[35mCREATE TABLE "ar_internal_metadata" ("key" character varying NOT NULL PRIMARY KEY, "value" character varying, "created_at" timestamp NOT NULL, "updated_at" timestamp NOT NULL)[0m
  ↳ db/schema.rb:13
  [1m[36mActiveRecord::InternalMetadata Load (0.3ms)[0m  [1m[34mSELECT  "ar_internal_metadata".* FROM "ar_internal_metadata" WHERE "ar_internal_metadata"."key" = $1 LIMIT $2[0m  [["key", "environment"], ["LIMIT", 1]]
  ↳ db/schema.rb:13
  [1m[35m (0.1ms)[0m  [1m[35mBEGIN[0m
  ↳ db/schema.rb:13
  [1m[36mActiveRecord::InternalMetadata Create (0.4ms)[0m  [1m[32mINSERT INTO "ar_internal_metadata" ("key", "value", "created_at", "updated_at") VALUES ($1, $2, $3, $4) RETURNING "key"[0m  [["key", "environment"], ["value", "development"], ["created_at", "2020-12-31 22:43:50.302138"], ["updated_at", "2020-12-31 22:43:50.302138"]]
  ↳ db/schema.rb:13
  [1m[35m (12.8ms)[0m  [1m[35mCOMMIT[0m
  ↳ db/schema.rb:13
  [1m[36mActiveRecord::InternalMetadata Load (0.7ms)[0m  [1m[34mSELECT  "ar_internal_metadata".* FROM "ar_internal_metadata" WHERE "ar_internal_metadata"."key" = $1 LIMIT $2[0m  [["key", "environment"], ["LIMIT", 1]]
  ↳ bin/rails:9
  [1m[35m (0.2ms)[0m  [1m[35mBEGIN[0m
  ↳ bin/rails:9
  [1m[35m (0.2ms)[0m  [1m[35mCOMMIT[0m
  ↳ bin/rails:9
  [1m[35mSQL (1.3ms)[0m  [1m[35mCREATE EXTENSION IF NOT EXISTS "plpgsql"[0m
  ↳ db/schema.rb:16
  [1m[35m (0.3ms)[0m  [1m[35mDROP TABLE IF EXISTS "cats" CASCADE[0m
  ↳ db/schema.rb:18
  [1m[35m (90.5ms)[0m  [1m[35mCREATE TABLE "cats" ("id" bigserial primary key, "birth_date" date, "created_at" timestamp NOT NULL, "updated_at" timestamp NOT NULL)[0m
  ↳ db/schema.rb:18
  [1m[35m (231.9ms)[0m  [1m[35mCREATE TABLE "schema_migrations" ("version" character varying NOT NULL PRIMARY KEY)[0m
  ↳ db/schema.rb:13
  [1m[35m (1.0ms)[0m  [1m[34mSELECT "schema_migrations"."version" FROM "schema_migrations" ORDER BY "schema_migrations"."version" ASC[0m
  ↳ db/schema.rb:13
  [1m[35m (13.3ms)[0m  [1m[32mINSERT INTO "schema_migrations" (version) VALUES (20201231215427)[0m
  ↳ db/schema.rb:13
  [1m[35m (231.7ms)[0m  [1m[35mCREATE TABLE "ar_internal_metadata" ("key" character varying NOT NULL PRIMARY KEY, "value" character varying, "created_at" timestamp NOT NULL, "updated_at" timestamp NOT NULL)[0m
  ↳ db/schema.rb:13
  [1m[36mActiveRecord::InternalMetadata Load (0.5ms)[0m  [1m[34mSELECT  "ar_internal_metadata".* FROM "ar_internal_metadata" WHERE "ar_internal_metadata"."key" = $1 LIMIT $2[0m  [["key", "environment"], ["LIMIT", 1]]
  ↳ db/schema.rb:13
  [1m[35m (2.0ms)[0m  [1m[35mBEGIN[0m
  ↳ db/schema.rb:13
  [1m[36mActiveRecord::InternalMetadata Create (0.7ms)[0m  [1m[32mINSERT INTO "ar_internal_metadata" ("key", "value", "created_at", "updated_at") VALUES ($1, $2, $3, $4) RETURNING "key"[0m  [["key", "environment"], ["value", "development"], ["created_at", "2020-12-31 22:43:50.932487"], ["updated_at", "2020-12-31 22:43:50.932487"]]
  ↳ db/schema.rb:13
  [1m[35m (20.6ms)[0m  [1m[35mCOMMIT[0m
  ↳ db/schema.rb:13
  [1m[36mActiveRecord::InternalMetadata Load (0.3ms)[0m  [1m[34mSELECT  "ar_internal_metadata".* FROM "ar_internal_metadata" WHERE "ar_internal_metadata"."key" = $1 LIMIT $2[0m  [["key", "environment"], ["LIMIT", 1]]
  ↳ bin/rails:9
  [1m[35m (0.1ms)[0m  [1m[35mBEGIN[0m
  ↳ bin/rails:9
  [1m[36mActiveRecord::InternalMetadata Update (0.5ms)[0m  [1m[33mUPDATE "ar_internal_metadata" SET "value" = $1, "updated_at" = $2 WHERE "ar_internal_metadata"."key" = $3[0m  [["value", "test"], ["updated_at", "2020-12-31 22:43:50.957725"], ["key", "environment"]]
  ↳ bin/rails:9
  [1m[35m (11.3ms)[0m  [1m[35mCOMMIT[0m
  ↳ bin/rails:9
  [1m[35m (1.2ms)[0m  [1m[34mSELECT "schema_migrations"."version" FROM "schema_migrations" ORDER BY "schema_migrations"."version" ASC[0m
  ↳ bin/rails:9
Started GET "/cats" for ::1 at 2020-12-31 14:44:07 -0800
  [1m[35m (1.1ms)[0m  [1m[34mSELECT "schema_migrations"."version" FROM "schema_migrations" ORDER BY "schema_migrations"."version" ASC[0m
  ↳ /home/fabio/.rbenv/versions/2.5.1/lib/ruby/gems/2.5.0/gems/activerecord-5.2.4.4/lib/active_record/log_subscriber.rb:98
Processing by CatsController#index as */*
Completed 500 Internal Server Error in 15ms (ActiveRecord: 0.0ms)



NameError - uninitialized constant CatsController::Cats:
  app/controllers/cats_controller.rb:4:in `index'

Started GET "/cats" for ::1 at 2020-12-31 14:45:02 -0800
Processing by CatsController#index as */*
Completed 500 Internal Server Error in 8ms (ActiveRecord: 0.0ms)



NameError - uninitialized constant CatsController::Cats:
  app/controllers/cats_controller.rb:4:in `index'

Started GET "/cats" for ::1 at 2020-12-31 14:46:18 -0800
  [1m[35m (0.7ms)[0m  [1m[34mSELECT "schema_migrations"."version" FROM "schema_migrations" ORDER BY "schema_migrations"."version" ASC[0m
  ↳ /home/fabio/.rbenv/versions/2.5.1/lib/ruby/gems/2.5.0/gems/activerecord-5.2.4.4/lib/active_record/log_subscriber.rb:98
Processing by CatsController#index as */*
Completed 500 Internal Server Error in 11ms (ActiveRecord: 0.0ms)



NameError - uninitialized constant CatsController::Cats:
  app/controllers/cats_controller.rb:4:in `index'

Started POST "/cats?admin=true" for ::1 at 2020-12-31 14:48:58 -0800
Processing by CatsController#create as */*
  Parameters: {"cats"=>{"birth_date"=>"2001-02-03"}, "admin"=>"true"}
Completed 500 Internal Server Error in 12ms (ActiveRecord: 0.0ms)



NameError - uninitialized constant CatsController::User:
  app/controllers/cats_controller.rb:9:in `create'

Started POST "/cats?admin=true" for ::1 at 2020-12-31 14:49:37 -0800
Processing by CatsController#create as */*
  Parameters: {"cats"=>{"birth_date"=>"2001-02-03"}, "admin"=>"true"}
Completed 500 Internal Server Error in 6ms (ActiveRecord: 0.0ms)



NameError - uninitialized constant CatsController::Cats:
  app/controllers/cats_controller.rb:9:in `create'

Started GET "/__better_errors" for ::1 at 2020-12-31 14:50:47 -0800
Started POST "/__better_errors/a78c8608ad683026/variables" for ::1 at 2020-12-31 14:50:47 -0800
  [1m[35m (0.5ms)[0m  [1m[34mSELECT "schema_migrations"."version" FROM "schema_migrations" ORDER BY "schema_migrations"."version" ASC[0m
  ↳ bin/rails:9
Started GET "/cats?admin=true" for ::1 at 2020-12-31 14:56:16 -0800
  [1m[35m (1.1ms)[0m  [1m[34mSELECT "schema_migrations"."version" FROM "schema_migrations" ORDER BY "schema_migrations"."version" ASC[0m
  ↳ /home/fabio/.rbenv/versions/2.5.1/lib/ruby/gems/2.5.0/gems/activerecord-5.2.4.4/lib/active_record/log_subscriber.rb:98
Processing by CatsController#index as */*
  Parameters: {"cats"=>{"birth_date"=>"2001-02-03"}, "admin"=>"true"}
Completed 500 Internal Server Error in 22ms (ActiveRecord: 0.0ms)



NameError - uninitialized constant CatsController::Cats:
  app/controllers/cats_controller.rb:4:in `index'

Started GET "/" for ::1 at 2020-12-31 14:59:03 -0800
  [1m[35m (1.0ms)[0m  [1m[34mSELECT "schema_migrations"."version" FROM "schema_migrations" ORDER BY "schema_migrations"."version" ASC[0m
  ↳ /home/fabio/.rbenv/versions/2.5.1/lib/ruby/gems/2.5.0/gems/activerecord-5.2.4.4/lib/active_record/log_subscriber.rb:98
Processing by Rails::WelcomeController#index as */*
  Rendering /home/fabio/.rbenv/versions/2.5.1/lib/ruby/gems/2.5.0/gems/railties-5.2.4.4/lib/rails/templates/rails/welcome/index.html.erb
  Rendered /home/fabio/.rbenv/versions/2.5.1/lib/ruby/gems/2.5.0/gems/railties-5.2.4.4/lib/rails/templates/rails/welcome/index.html.erb (10.3ms)
Completed 200 OK in 76ms (Views: 57.4ms | ActiveRecord: 0.0ms)


  [1m[35m (1.6ms)[0m  [1m[34mSELECT "schema_migrations"."version" FROM "schema_migrations" ORDER BY "schema_migrations"."version" ASC[0m
  ↳ bin/rails:9
  [1m[35m (0.2ms)[0m  [1m[34mSELECT pg_try_advisory_lock(5226406234336501410)[0m
  ↳ bin/rails:9
  [1m[35m (0.4ms)[0m  [1m[34mSELECT "schema_migrations"."version" FROM "schema_migrations" ORDER BY "schema_migrations"."version" ASC[0m
  ↳ bin/rails:9
Migrating to AddColumnsToCatsTable (20201231230828)
  [1m[35m (0.2ms)[0m  [1m[35mBEGIN[0m
  ↳ bin/rails:9
  [1m[35m (0.7ms)[0m  [1m[35mALTER TABLE "cats" DROP COLUMN "birth_date"[0m
  ↳ db/migrate/20201231230828_add_columns_to_cats_table.rb:3
  [1m[35m (0.3ms)[0m  [1m[35mALTER TABLE "cats" ADD "birth_date" date NOT NULL[0m
  ↳ db/migrate/20201231230828_add_columns_to_cats_table.rb:4
  [1m[35m (69.0ms)[0m  [1m[35mALTER TABLE "cats" ADD "color" character varying NOT NULL[0m
  ↳ db/migrate/20201231230828_add_columns_to_cats_table.rb:5
  [1m[35m (0.4ms)[0m  [1m[35mALTER TABLE "cats" ADD "name" character varying NOT NULL[0m
  ↳ db/migrate/20201231230828_add_columns_to_cats_table.rb:6
  [1m[35m (0.3ms)[0m  [1m[35mALTER TABLE "cats" ADD "sex" character varying NOT NULL[0m
  ↳ db/migrate/20201231230828_add_columns_to_cats_table.rb:7
  [1m[35m (0.3ms)[0m  [1m[35mALTER TABLE "cats" ADD "description" text[0m
  ↳ db/migrate/20201231230828_add_columns_to_cats_table.rb:8
  [1m[36mActiveRecord::SchemaMigration Create (0.4ms)[0m  [1m[32mINSERT INTO "schema_migrations" ("version") VALUES ($1) RETURNING "version"[0m  [["version", "20201231230828"]]
  ↳ bin/rails:9
  [1m[35m (21.2ms)[0m  [1m[35mCOMMIT[0m
  ↳ bin/rails:9
  [1m[36mActiveRecord::InternalMetadata Load (0.5ms)[0m  [1m[34mSELECT  "ar_internal_metadata".* FROM "ar_internal_metadata" WHERE "ar_internal_metadata"."key" = $1 LIMIT $2[0m  [["key", "environment"], ["LIMIT", 1]]
  ↳ bin/rails:9
  [1m[35m (0.2ms)[0m  [1m[35mBEGIN[0m
  ↳ bin/rails:9
  [1m[35m (0.2ms)[0m  [1m[35mCOMMIT[0m
  ↳ bin/rails:9
  [1m[35m (0.8ms)[0m  [1m[34mSELECT pg_advisory_unlock(5226406234336501410)[0m
  ↳ bin/rails:9
  [1m[35m (0.3ms)[0m  [1m[34mSELECT "schema_migrations"."version" FROM "schema_migrations" ORDER BY "schema_migrations"."version" ASC[0m
  ↳ bin/rails:9
  [1m[35m (0.2ms)[0m  [1m[34mSELECT pg_try_advisory_lock(5226406234336501410)[0m
  ↳ bin/rails:9
  [1m[35m (0.4ms)[0m  [1m[34mSELECT "schema_migrations"."version" FROM "schema_migrations" ORDER BY "schema_migrations"."version" ASC[0m
  ↳ bin/rails:9
Migrating to AddLimitToSexAttributeCatsTable (20201231232234)
  [1m[35m (0.1ms)[0m  [1m[35mBEGIN[0m
  ↳ bin/rails:9
  [1m[35m (0.4ms)[0m  [1m[35mALTER TABLE "cats" DROP COLUMN "sex"[0m
  ↳ db/migrate/20201231232234_add_limit_to_sex_attribute_cats_table.rb:3
  [1m[35m (0.3ms)[0m  [1m[35mALTER TABLE "cats" ADD "sex" character varying(1) NOT NULL[0m
  ↳ db/migrate/20201231232234_add_limit_to_sex_attribute_cats_table.rb:4
  [1m[36mActiveRecord::SchemaMigration Create (0.2ms)[0m  [1m[32mINSERT INTO "schema_migrations" ("version") VALUES ($1) RETURNING "version"[0m  [["version", "20201231232234"]]
  ↳ bin/rails:9
  [1m[35m (20.1ms)[0m  [1m[35mCOMMIT[0m
  ↳ bin/rails:9
  [1m[36mActiveRecord::InternalMetadata Load (0.3ms)[0m  [1m[34mSELECT  "ar_internal_metadata".* FROM "ar_internal_metadata" WHERE "ar_internal_metadata"."key" = $1 LIMIT $2[0m  [["key", "environment"], ["LIMIT", 1]]
  ↳ bin/rails:9
  [1m[35m (0.3ms)[0m  [1m[35mBEGIN[0m
  ↳ bin/rails:9
  [1m[35m (0.1ms)[0m  [1m[35mCOMMIT[0m
  ↳ bin/rails:9
  [1m[35m (0.2ms)[0m  [1m[34mSELECT pg_advisory_unlock(5226406234336501410)[0m
  ↳ bin/rails:9
  [1m[35m (0.4ms)[0m  [1m[34mSELECT "schema_migrations"."version" FROM "schema_migrations" ORDER BY "schema_migrations"."version" ASC[0m
  ↳ bin/rails:9
Started GET "/cats" for ::1 at 2020-12-31 15:30:45 -0800
  [1m[35m (0.8ms)[0m  [1m[34mSELECT "schema_migrations"."version" FROM "schema_migrations" ORDER BY "schema_migrations"."version" ASC[0m
  ↳ /home/fabio/.rbenv/versions/2.5.1/lib/ruby/gems/2.5.0/gems/activerecord-5.2.4.4/lib/active_record/log_subscriber.rb:98
Processing by CatsController#index as */*
Completed 500 Internal Server Error in 13ms (ActiveRecord: 0.0ms)



NoMethodError - undefined method `validates' for Cat:Class:
  app/models/cat.rb:8:in `<class:Cat>'
  app/models/cat.rb:3:in `<top (required)>'
  app/controllers/cats_controller.rb:4:in `index'

Started GET "/cats" for ::1 at 2020-12-31 15:33:49 -0800
Processing by CatsController#index as */*
Completed 500 Internal Server Error in 21ms (ActiveRecord: 0.0ms)



NoMethodError - undefined method `validates' for Cat:Class:
  app/models/cat.rb:8:in `<class:Cat>'
  app/models/cat.rb:3:in `<top (required)>'
  app/controllers/cats_controller.rb:4:in `index'

  [1m[35m (0.2ms)[0m  [1m[35mBEGIN[0m
  [1m[36mCat Create (0.7ms)[0m  [1m[32mINSERT INTO "cats" ("created_at", "updated_at", "birth_date", "color", "name", "sex") VALUES ($1, $2, $3, $4, $5, $6) RETURNING "id"[0m  [["created_at", "2021-01-01 00:10:37.219729"], ["updated_at", "2021-01-01 00:10:37.219729"], ["birth_date", "2015-01-20"], ["color", "black"], ["name", "Zac"], ["sex", "M"]]
  [1m[35m (172.5ms)[0m  [1m[35mCOMMIT[0m
Started GET "/cats" for ::1 at 2020-12-31 16:13:35 -0800
  [1m[35m (2.5ms)[0m  [1m[34mSELECT "schema_migrations"."version" FROM "schema_migrations" ORDER BY "schema_migrations"."version" ASC[0m
  ↳ /home/fabio/.rbenv/versions/2.5.1/lib/ruby/gems/2.5.0/gems/activerecord-5.2.4.4/lib/active_record/log_subscriber.rb:98
Processing by CatsController#index as */*
  [1m[36mCat Load (0.8ms)[0m  [1m[34mSELECT "cats".* FROM "cats"[0m
  ↳ app/controllers/cats_controller.rb:5
Completed 200 OK in 42ms (Views: 20.6ms | ActiveRecord: 6.2ms)


Started GET "/cats" for ::1 at 2020-12-31 16:35:09 -0800

PG::ConnectionBad - could not connect to server: No such file or directory
	Is the server running locally and accepting
	connections on Unix domain socket "/tmp/.s.PGSQL.5432"?:

Started GET "/cats" for ::1 at 2020-12-31 16:37:07 -0800
  [1m[35m (12.1ms)[0m  [1m[34mSELECT "schema_migrations"."version" FROM "schema_migrations" ORDER BY "schema_migrations"."version" ASC[0m
  ↳ /Users/kylemuch/.rbenv/versions/2.5.1/lib/ruby/gems/2.5.0/gems/activerecord-5.2.4.4/lib/active_record/log_subscriber.rb:98

ActiveRecord::PendingMigrationError - Migrations are pending. To resolve this issue, run:
        bin/rails db:migrate RAILS_ENV=development:

  [1m[35m (3.7ms)[0m  [1m[34mSELECT pg_try_advisory_lock(5226406234336501410)[0m
  ↳ bin/rails:9
  [1m[35m (1.1ms)[0m  [1m[34mSELECT "schema_migrations"."version" FROM "schema_migrations" ORDER BY "schema_migrations"."version" ASC[0m
  ↳ bin/rails:9
Migrating to AddColumnsToCatsTable (20201231230828)
  [1m[35m (0.2ms)[0m  [1m[35mBEGIN[0m
  ↳ bin/rails:9
  [1m[35m (58.1ms)[0m  [1m[35mALTER TABLE "cats" DROP COLUMN "birth_date"[0m
  ↳ db/migrate/20201231230828_add_columns_to_cats_table.rb:3
  [1m[35m (15.2ms)[0m  [1m[35mALTER TABLE "cats" ADD "birth_date" date NOT NULL[0m
  ↳ db/migrate/20201231230828_add_columns_to_cats_table.rb:4
  [1m[35m (40.8ms)[0m  [1m[35mALTER TABLE "cats" ADD "color" character varying NOT NULL[0m
  ↳ db/migrate/20201231230828_add_columns_to_cats_table.rb:5
  [1m[35m (1.1ms)[0m  [1m[35mALTER TABLE "cats" ADD "name" character varying NOT NULL[0m
  ↳ db/migrate/20201231230828_add_columns_to_cats_table.rb:6
  [1m[35m (1.2ms)[0m  [1m[35mALTER TABLE "cats" ADD "sex" character varying NOT NULL[0m
  ↳ db/migrate/20201231230828_add_columns_to_cats_table.rb:7
  [1m[35m (0.8ms)[0m  [1m[35mALTER TABLE "cats" ADD "description" text[0m
  ↳ db/migrate/20201231230828_add_columns_to_cats_table.rb:8
  [1m[36mActiveRecord::SchemaMigration Create (6.1ms)[0m  [1m[32mINSERT INTO "schema_migrations" ("version") VALUES ($1) RETURNING "version"[0m  [["version", "20201231230828"]]
  ↳ bin/rails:9
  [1m[35m (3.7ms)[0m  [1m[35mCOMMIT[0m
  ↳ bin/rails:9
Migrating to AddLimitToSexAttributeCatsTable (20201231232234)
  [1m[35m (1.6ms)[0m  [1m[35mBEGIN[0m
  ↳ bin/rails:9
  [1m[35m (1.7ms)[0m  [1m[35mALTER TABLE "cats" DROP COLUMN "sex"[0m
  ↳ db/migrate/20201231232234_add_limit_to_sex_attribute_cats_table.rb:3
  [1m[35m (5.9ms)[0m  [1m[35mALTER TABLE "cats" ADD "sex" character varying(1) NOT NULL[0m
  ↳ db/migrate/20201231232234_add_limit_to_sex_attribute_cats_table.rb:4
  [1m[36mActiveRecord::SchemaMigration Create (3.4ms)[0m  [1m[32mINSERT INTO "schema_migrations" ("version") VALUES ($1) RETURNING "version"[0m  [["version", "20201231232234"]]
  ↳ bin/rails:9
  [1m[35m (2.5ms)[0m  [1m[35mCOMMIT[0m
  ↳ bin/rails:9
  [1m[36mActiveRecord::InternalMetadata Load (6.9ms)[0m  [1m[34mSELECT  "ar_internal_metadata".* FROM "ar_internal_metadata" WHERE "ar_internal_metadata"."key" = $1 LIMIT $2[0m  [["key", "environment"], ["LIMIT", 1]]
  ↳ bin/rails:9
  [1m[35m (0.2ms)[0m  [1m[35mBEGIN[0m
  ↳ bin/rails:9
  [1m[35m (0.1ms)[0m  [1m[35mCOMMIT[0m
  ↳ bin/rails:9
  [1m[35m (0.3ms)[0m  [1m[34mSELECT pg_advisory_unlock(5226406234336501410)[0m
  ↳ bin/rails:9
  [1m[35m (0.8ms)[0m  [1m[34mSELECT "schema_migrations"."version" FROM "schema_migrations" ORDER BY "schema_migrations"."version" ASC[0m
  ↳ bin/rails:9
  [1m[35m (0.3ms)[0m  [1m[34mSELECT pg_try_advisory_lock(5226406234336501410)[0m
  ↳ bin/rails:9
  [1m[35m (1.2ms)[0m  [1m[34mSELECT "schema_migrations"."version" FROM "schema_migrations" ORDER BY "schema_migrations"."version" ASC[0m
  ↳ bin/rails:9
  [1m[36mActiveRecord::InternalMetadata Load (0.5ms)[0m  [1m[34mSELECT  "ar_internal_metadata".* FROM "ar_internal_metadata" WHERE "ar_internal_metadata"."key" = $1 LIMIT $2[0m  [["key", "environment"], ["LIMIT", 1]]
  ↳ bin/rails:9
  [1m[35m (1.0ms)[0m  [1m[35mBEGIN[0m
  ↳ bin/rails:9
  [1m[35m (0.2ms)[0m  [1m[35mCOMMIT[0m
  ↳ bin/rails:9
  [1m[35m (0.4ms)[0m  [1m[34mSELECT pg_advisory_unlock(5226406234336501410)[0m
  ↳ bin/rails:9
  [1m[35m (0.5ms)[0m  [1m[34mSELECT "schema_migrations"."version" FROM "schema_migrations" ORDER BY "schema_migrations"."version" ASC[0m
  ↳ bin/rails:9
Started GET "/cats" for ::1 at 2020-12-31 16:38:15 -0800
  [1m[35m (1.6ms)[0m  [1m[34mSELECT "schema_migrations"."version" FROM "schema_migrations" ORDER BY "schema_migrations"."version" ASC[0m
  ↳ /Users/kylemuch/.rbenv/versions/2.5.1/lib/ruby/gems/2.5.0/gems/activerecord-5.2.4.4/lib/active_record/log_subscriber.rb:98
Processing by CatsController#index as */*
  Parameters: {"{\"query\":\"\"}"=>nil}
Completed 500 Internal Server Error in 437ms (ActiveRecord: 0.0ms)



NoMethodError - undefined method `json' for #<CatsController:0x00007fa9655a5788>
Did you mean?  JSON:
  app/controllers/cats_controller.rb:5:in `index'

Started GET "/cats" for ::1 at 2020-12-31 16:40:04 -0800

SyntaxError - syntax error, unexpected tIVAR, expecting keyword_end
    render :json @cats
                 ^~~~~:
  app/controllers/cats_controller.rb:5:in `'

Started GET "/cats" for ::1 at 2020-12-31 16:41:53 -0800
Processing by CatsController#index as */*
  Parameters: {"{\"query\":\"\"}"=>nil}
  Rendering cats/index.html.erb within layouts/application
  Rendered cats/index.html.erb within layouts/application (14.0ms)
Completed 200 OK in 3538ms (Views: 3518.4ms | ActiveRecord: 0.0ms)


Started GET "/cats" for ::1 at 2020-12-31 16:42:26 -0800
Processing by CatsController#index as HTML
  Rendering cats/index.html.erb within layouts/application
  Rendered cats/index.html.erb within layouts/application (2.9ms)
Completed 200 OK in 50ms (Views: 48.8ms | ActiveRecord: 0.0ms)


Started GET "/cats" for ::1 at 2020-12-31 16:45:49 -0800
Processing by CatsController#index as HTML
  Rendering cats/index.html.erb within layouts/application
  [1m[36mCat Load (8.1ms)[0m  [1m[34mSELECT "cats".* FROM "cats"[0m
  ↳ app/views/cats/index.html.erb:5
  Rendered cats/index.html.erb within layouts/application (15.1ms)
Completed 200 OK in 57ms (Views: 44.2ms | ActiveRecord: 11.3ms)


Started GET "/cats" for ::1 at 2020-12-31 16:45:52 -0800
Processing by CatsController#index as HTML
  Rendering cats/index.html.erb within layouts/application
  [1m[36mCat Load (0.7ms)[0m  [1m[34mSELECT "cats".* FROM "cats"[0m
  ↳ app/views/cats/index.html.erb:5
  Rendered cats/index.html.erb within layouts/application (2.8ms)
Completed 200 OK in 23ms (Views: 19.0ms | ActiveRecord: 0.7ms)


  [1m[35m (1.3ms)[0m  [1m[34mSELECT "schema_migrations"."version" FROM "schema_migrations" ORDER BY "schema_migrations"."version" ASC[0m
  ↳ bin/rails:9
  [1m[35m (0.2ms)[0m  [1m[35mBEGIN[0m
  ↳ db/seeds.rb:10
  [1m[35m (0.9ms)[0m  [1m[31mROLLBACK[0m
  ↳ db/seeds.rb:10
Started GET "/cats" for ::1 at 2020-12-31 16:51:19 -0800
Processing by CatsController#index as HTML
  Rendering cats/index.html.erb within layouts/application
  [1m[36mCat Load (2.0ms)[0m  [1m[34mSELECT "cats".* FROM "cats"[0m
  ↳ app/views/cats/index.html.erb:5
  Rendered cats/index.html.erb within layouts/application (4.1ms)
Completed 200 OK in 46ms (Views: 43.4ms | ActiveRecord: 2.0ms)


Started GET "/cats" for ::1 at 2020-12-31 16:52:00 -0800
Processing by CatsController#index as HTML
  Rendering cats/index.html.erb within layouts/application
  [1m[36mCat Load (0.4ms)[0m  [1m[34mSELECT "cats".* FROM "cats"[0m
  ↳ app/views/cats/index.html.erb:5
  Rendered cats/index.html.erb within layouts/application (1.8ms)
Completed 200 OK in 35ms (Views: 33.8ms | ActiveRecord: 0.4ms)


Started GET "/cats/1" for ::1 at 2020-12-31 16:55:52 -0800
Processing by CatsController#show as HTML
  Parameters: {"id"=>"1"}
Completed 500 Internal Server Error in 347ms (ActiveRecord: 0.0ms)



NameError - undefined local variable or method `param' for #<CatsController:0x00007fa96db650f8>
Did you mean?  params
               params=:
  app/controllers/cats_controller.rb:9:in `show'

Started POST "/__better_errors/f2ec73a8db837d4d/variables" for ::1 at 2020-12-31 16:55:53 -0800
Started GET "/cats/1" for ::1 at 2020-12-31 17:16:45 -0800
Processing by CatsController#show as HTML
  Parameters: {"id"=>"1"}
Completed 500 Internal Server Error in 401ms (ActiveRecord: 0.0ms)



NameError - undefined local variable or method `param' for #<CatsController:0x00007fa96e1a2a10>
Did you mean?  params
               params=:
  app/controllers/cats_controller.rb:9:in `show'

Started POST "/__better_errors/2d54797dffb2a5d0/variables" for ::1 at 2020-12-31 17:16:46 -0800
Started GET "/cats/" for ::1 at 2020-12-31 17:16:48 -0800
Processing by CatsController#index as HTML
  Rendering cats/index.html.erb within layouts/application
  [1m[36mCat Load (1.0ms)[0m  [1m[34mSELECT "cats".* FROM "cats"[0m
  ↳ app/views/cats/index.html.erb:5
  Rendered cats/index.html.erb within layouts/application (3.7ms)
Completed 200 OK in 44ms (Views: 41.9ms | ActiveRecord: 1.0ms)


